<component name="ArtifactManager">
  <artifact type="jar" build-on-make="true" name="JUnitBoolog:jar">
    <output-path>$PROJECT_DIR$/out/artifacts/JUnitBoolog_jar</output-path>
    <root id="archive" name="JUnitBoolog.jar">
      <element id="module-output" name="JUnitBoolog" />
      <element id="module-output" name="BoologJava" />
      <element id="module-output" name="Boolog" />
      <element id="module-output" name="Toolbox" />
      <element id="extracted-dir" path="$MAVEN_REPOSITORY$/org/junit/jupiter/junit-jupiter/5.8.1/junit-jupiter-5.8.1.jar" path-in-jar="/" />
      <element id="extracted-dir" path="$MAVEN_REPOSITORY$/org/junit/jupiter/junit-jupiter-api/5.8.1/junit-jupiter-api-5.8.1.jar" path-in-jar="/" />
      <element id="extracted-dir" path="$MAVEN_REPOSITORY$/org/opentest4j/opentest4j/1.2.0/opentest4j-1.2.0.jar" path-in-jar="/" />
      <element id="extracted-dir" path="$MAVEN_REPOSITORY$/org/junit/platform/junit-platform-commons/1.8.1/junit-platform-commons-1.8.1.jar" path-in-jar="/" />
      <element id="extracted-dir" path="$MAVEN_REPOSITORY$/org/apiguardian/apiguardian-api/1.1.2/apiguardian-api-1.1.2.jar" path-in-jar="/" />
      <element id="extracted-dir" path="$MAVEN_REPOSITORY$/org/junit/jupiter/junit-jupiter-params/5.8.1/junit-jupiter-params-5.8.1.jar" path-in-jar="/" />
      <element id="extracted-dir" path="$MAVEN_REPOSITORY$/org/junit/jupiter/junit-jupiter-engine/5.8.1/junit-jupiter-engine-5.8.1.jar" path-in-jar="/" />
      <element id="extracted-dir" path="$MAVEN_REPOSITORY$/org/junit/platform/junit-platform-engine/1.8.1/junit-platform-engine-1.8.1.jar" path-in-jar="/" />
      <element id="extracted-dir" path="$KOTLIN_BUNDLED$/lib/kotlin-stdlib.jar" path-in-jar="/" />
      <element id="extracted-dir" path="$KOTLIN_BUNDLED$/lib/kotlin-reflect.jar" path-in-jar="/" />
      <element id="extracted-dir" path="$KOTLIN_BUNDLED$/lib/kotlin-stdlib-jdk7.jar" path-in-jar="/" />
      <element id="extracted-dir" path="$KOTLIN_BUNDLED$/lib/kotlin-stdlib-jdk8.jar" path-in-jar="/" />
      <element id="module-source" name="JUnitBoolog" />
      <element id="module-source" name="Boolog" />
      <element id="module-source" name="BoologJava" />
      <element id="module-source" name="Toolbox" />
    </root>
  </artifact>
</component>